2019-11-20T19:18:04.6618321+05:30;VSTestExecutionThread;Info;SpecFlow+Runner execution started
2019-11-20T19:18:04.6618321+05:30;VSTestExecutionThread;Info;SpecFlow+Runner 3.0.344 in Framework clr40 in x86 mode execution started
2019-11-20T19:18:04.6618321+05:30;VSTestExecutionThread;Info;TestAdapter Location: C:\SQA\SQA Auto\EDC Specflow Automation\packages\SpecRun.Runner.3.0.344\tools\net45\TechTalk.SpecRun.VisualStudio.TestAdapter.dll
2019-11-20T19:18:05.1872887+05:30;VSTestExecutionThread;Info;SpecRun: running tests in C:\SQA\SQA Auto\EDC Specflow Automation\EDC_Automation\bin\Debug\EDC_Automation.dll
2019-11-20T19:18:05.1872887+05:30;VSTestExecutionThread;Info;Output folder configured to "C:\SQA\SQA Auto\EDC Specflow Automation\TestResults" (default)
2019-11-20T19:18:05.1872887+05:30;VSTestExecutionThread;Info;Profile: EDC_Automation
2019-11-20T19:18:05.2513126+05:30;VSTestExecutionThread;Info;Log file path: C:\SQA\SQA Auto\EDC Specflow Automation\TestResults\EDC_Automation_EDC_Automation_2019-11-20T191805.log
2019-11-20T19:18:05.2790157+05:30;VSTestExecutionThread;Info;SpecFlow+Runner Evaluation Mode: Please purchase at http://www.specflow.org/plus to remove test execution delay.
2019-11-20T19:18:05.2909640+05:30;Thread#13;Info;Checking license
2019-11-20T19:18:05.4739025+05:30;Thread#13;Info;Evaluation mode: test execution starts in 14 seconds... (this delay is removed in the registered version)
2019-11-20T19:18:19.4754823+05:30;Thread#13;Info;Evaluation delay finished.
2019-11-20T19:18:19.4904927+05:30;Thread#13;Info;License check completed
2019-11-20T19:18:19.4917557+05:30;Thread#13;Info;starting test run
2019-11-20T19:18:19.5248010+05:30;Thread#13;Info;Discovering target: Default
2019-11-20T19:18:19.5257488+05:30;Thread#13;Info;Discovering tests from assembly: C:\SQA\SQA Auto\EDC Specflow Automation\EDC_Automation\bin\Debug\EDC_Automation.dll
2019-11-20T19:18:19.7157606+05:30:framework error: System.Reflection.TargetInvocationException: Exception has been thrown by the target of an invocation. ---> System.IO.FileLoadException: Could not load file or assembly 'TechTalk.SpecRun.Common, Version=3.0.0.0, Culture=neutral, PublicKeyToken=d0fc5cc18b3b389b' or one of its dependencies. The located assembly's manifest definition does not match the assembly reference. (Exception from HRESULT: 0x80131040)
   at TechTalk.SpecRun.Framework.CurrentExecutionModelSettings.GetCurrent()
   at TechTalk.SpecRun.Framework.SubfolderAssemblyResolver.Enable()
   at TechTalk.SpecRun.Framework.Remoting.RemoteDomainInitializer..ctor()
   --- End of inner exception stack trace ---
   at System.RuntimeTypeHandle.CreateInstance(RuntimeType type, Boolean publicOnly, Boolean noCheck, Boolean& canBeCached, RuntimeMethodHandleInternal& ctor, Boolean& bNeedSecurityCheck)
   at System.RuntimeType.CreateInstanceSlow(Boolean publicOnly, Boolean skipCheckThis, Boolean fillCache, StackCrawlMark& stackMark)
   at System.RuntimeType.CreateInstanceDefaultCtor(Boolean publicOnly, Boolean skipCheckThis, Boolean fillCache, StackCrawlMark& stackMark)
   at System.Activator.CreateInstance(Type type, Boolean nonPublic)
   at System.RuntimeType.CreateInstanceImpl(BindingFlags bindingAttr, Binder binder, Object[] args, CultureInfo culture, Object[] activationAttributes, StackCrawlMark& stackMark)
   at System.Activator.CreateInstance(Type type, BindingFlags bindingAttr, Binder binder, Object[] args, CultureInfo culture, Object[] activationAttributes)
   at System.Activator.CreateInstance(String assemblyString, String typeName, Boolean ignoreCase, BindingFlags bindingAttr, Binder binder, Object[] args, CultureInfo culture, Object[] activationAttributes, Evidence securityInfo, StackCrawlMark& stackMark)
   at System.Activator.CreateInstance(String assemblyName, String typeName)
   at System.AppDomain.CreateInstance(String assemblyName, String typeName)
   at System.AppDomain.CreateInstanceAndUnwrap(String assemblyName, String typeName)
   at System.AppDomain.CreateInstanceAndUnwrap(String assemblyName, String typeName)
   at TechTalk.SpecRun.Framework.Remoting.AppDomainReference.CreateObject[T]()
   at TechTalk.SpecRun.Framework.Remoting.AppDomainManager.CreateAppDomainFor(String assemblyPath, Boolean useConfig, String customConfigFilePath)
   at TechTalk.SpecRun.Framework.TestSuiteProviders.TestSuiteProvider.BuildTestCollectionFromAssembly(String testAssemblyPath, FilterItem filterPredicate, INodeIdProvider& nodeIdProvider, TestCollection parentCollection)
   at TechTalk.SpecRun.Framework.TestSuiteProviders.TestSuiteProvider.GetTestSuite(TestProfile testProfile)
   at TechTalk.SpecRun.Framework.TestSuiteRunner.Run()
2019-11-20T19:18:19.7335758+05:30;Thread#13;Info;test run finished
2019-11-20T19:18:19.7335758+05:30;Thread#13;Info;publishing test results
2019-11-20T19:18:19.7923003+05:30;Thread#13;Info;test results published
2019-11-20T19:18:19.7962218+05:30;Thread#13;Info;generating reports
2019-11-20T19:18:20.0073866+05:30;Thread#13;Info;Starting external report generation process
2019-11-20T19:18:25.3594767+05:30;Thread#13;Error;Could not generate test run result reports. An error occurred in the generator.
2019-11-20T19:18:25.3594767+05:30;Thread#13;Error;Error output of external program:
2019-11-20T19:18:25.3950377+05:30:Total: 0
2019-11-20T19:18:25.3965016+05:30:Succeeded: 0
2019-11-20T19:18:25.3975019+05:30:Ignored: 0
2019-11-20T19:18:25.3985591+05:30:Pending: 0
2019-11-20T19:18:25.4005459+05:30:Skipped: 0
2019-11-20T19:18:25.4016467+05:30:Failed: 0
2019-11-20T19:18:25.4151616+05:30;VSTestExecutionThread;Info;Adding attachments to VSTest
========== End of log file ==========
